2023-05-19 18:54:20,948 INFO o.a.j.u.JMeterUtils: Setting Locale to en_EN
2023-05-19 18:54:20,965 INFO o.a.j.JMeter: Loading user properties from: /opt/homebrew/Cellar/jmeter/5.5/libexec/bin/user.properties
2023-05-19 18:54:20,965 INFO o.a.j.JMeter: Loading system properties from: /opt/homebrew/Cellar/jmeter/5.5/libexec/bin/system.properties
2023-05-19 18:54:20,969 INFO o.a.j.JMeter: Copyright (c) 1998-2022 The Apache Software Foundation
2023-05-19 18:54:20,969 INFO o.a.j.JMeter: Version 5.5
2023-05-19 18:54:20,969 INFO o.a.j.JMeter: java.version=17.0.7
2023-05-19 18:54:20,969 INFO o.a.j.JMeter: java.vm.name=OpenJDK 64-Bit Server VM
2023-05-19 18:54:20,969 INFO o.a.j.JMeter: os.name=Mac OS X
2023-05-19 18:54:20,969 INFO o.a.j.JMeter: os.arch=aarch64
2023-05-19 18:54:20,969 INFO o.a.j.JMeter: os.version=12.2.1
2023-05-19 18:54:20,969 INFO o.a.j.JMeter: file.encoding=UTF-8
2023-05-19 18:54:20,969 INFO o.a.j.JMeter: java.awt.headless=null
2023-05-19 18:54:20,969 INFO o.a.j.JMeter: Max memory     =1073741824
2023-05-19 18:54:20,969 INFO o.a.j.JMeter: Available Processors =8
2023-05-19 18:54:20,975 INFO o.a.j.JMeter: Default Locale=English (EN)
2023-05-19 18:54:20,975 INFO o.a.j.JMeter: JMeter  Locale=English (EN)
2023-05-19 18:54:20,975 INFO o.a.j.JMeter: JMeterHome=/opt/homebrew/Cellar/jmeter/5.5/libexec
2023-05-19 18:54:20,975 INFO o.a.j.JMeter: user.dir  =/Users/jinseong-god/portfolio2/oh-mall-backend
2023-05-19 18:54:20,976 INFO o.a.j.JMeter: PWD       =/Users/jinseong-god/portfolio2/oh-mall-backend
2023-05-19 18:54:20,977 INFO o.a.j.JMeter: IP: 127.0.0.1 Name: jinseong-gas-ui-MacBookAir.local FullName: localhost
2023-05-19 18:54:20,982 INFO o.a.j.JMeter: Loaded icon properties from org/apache/jmeter/images/icon.properties
2023-05-19 18:54:21,284 INFO o.a.j.JMeterGuiLauncher: Setting LAF to: com.github.weisj.darklaf.DarkLaf:com.github.weisj.darklaf.theme.DarculaTheme
2023-05-19 18:54:22,809 INFO o.j.r.JARSourceHTTP: Requesting https://jmeter-plugins.org/repo/?installID=mac_os_x-88a472f11f077b37c46ea8e6349e0c91-gui
2023-05-19 18:54:24,899 INFO o.j.r.PluginManager: Plugins Status: [jpgc-plugins-manager=1.7, jmeter-core=5.5, jmeter-ftp=5.5, jmeter-http=5.5, jmeter-jdbc=5.5, jmeter-jms=5.5, jmeter-junit=5.5, jmeter-java=5.5, jmeter-ldap=5.5, jmeter-mail=5.5, jmeter-mongodb=5.5, jmeter-native=5.5, jmeter-tcp=5.5, jmeter-components=5.5]
2023-05-19 18:54:24,900 INFO o.j.r.PluginManagerMenuItem: Plugins Manager has upgrades: [jpgc-plugins-manager]
2023-05-19 18:54:37,703 INFO o.a.j.s.FileServer: Default base='/Users/jinseong-god/portfolio2/oh-mall-backend'
2023-05-19 18:54:37,706 INFO o.a.j.g.a.Load: Loading file: /Users/jinseong-god/Desktop/Thread Group.jmx
2023-05-19 18:54:37,706 INFO o.a.j.s.FileServer: Set new base='/Users/jinseong-god/Desktop'
2023-05-19 18:54:37,820 INFO o.a.j.s.SaveService: Testplan (JMX) version: 2.2. Testlog (JTL) version: 2.2
2023-05-19 18:54:37,823 INFO o.a.j.s.SaveService: Using SaveService properties version 5.0
2023-05-19 18:54:37,824 INFO o.a.j.s.SaveService: Using SaveService properties file encoding UTF-8
2023-05-19 18:54:37,824 INFO o.a.j.s.SaveService: Loading file: /Users/jinseong-god/Desktop/Thread Group.jmx
2023-05-19 18:54:37,875 INFO o.a.j.p.h.s.HTTPSamplerBase: Parser for text/html is org.apache.jmeter.protocol.http.parser.LagartoBasedHtmlParser
2023-05-19 18:54:37,875 INFO o.a.j.p.h.s.HTTPSamplerBase: Parser for application/xhtml+xml is org.apache.jmeter.protocol.http.parser.LagartoBasedHtmlParser
2023-05-19 18:54:37,875 INFO o.a.j.p.h.s.HTTPSamplerBase: Parser for application/xml is org.apache.jmeter.protocol.http.parser.LagartoBasedHtmlParser
2023-05-19 18:54:37,875 INFO o.a.j.p.h.s.HTTPSamplerBase: Parser for text/xml is org.apache.jmeter.protocol.http.parser.LagartoBasedHtmlParser
2023-05-19 18:54:37,875 INFO o.a.j.p.h.s.HTTPSamplerBase: Parser for text/vnd.wap.wml is org.apache.jmeter.protocol.http.parser.RegexpHTMLParser
2023-05-19 18:54:37,875 INFO o.a.j.p.h.s.HTTPSamplerBase: Parser for text/css is org.apache.jmeter.protocol.http.parser.CssParser
2023-05-19 18:54:37,949 INFO o.a.j.s.SampleResult: Note: Sample TimeStamps are START times
2023-05-19 18:54:37,949 INFO o.a.j.s.SampleResult: sampleresult.default.encoding is set to ISO-8859-1
2023-05-19 18:54:37,949 INFO o.a.j.s.SampleResult: sampleresult.useNanoTime=true
2023-05-19 18:54:37,949 INFO o.a.j.s.SampleResult: sampleresult.nanoThreadSleep=5000
2023-05-19 18:54:38,018 INFO o.a.j.v.ViewResultsFullVisualizer: Add JavaFX to your Java installation if you want to use renderer: org.apache.jmeter.visualizers.RenderInBrowser
2023-05-19 18:54:38,057 INFO o.a.j.s.FileServer: Set new base='/Users/jinseong-god/Desktop'
2023-05-19 18:54:50,840 INFO o.a.j.e.StandardJMeterEngine: Running the test!
2023-05-19 18:54:50,841 INFO o.a.j.s.SampleEvent: List of sample_variables: []
2023-05-19 18:54:50,841 INFO o.a.j.s.SampleEvent: List of sample_variables: []
2023-05-19 18:54:50,842 INFO o.a.j.e.u.CompoundVariable: Note: Function class names must contain the string: '.functions.'
2023-05-19 18:54:50,842 INFO o.a.j.e.u.CompoundVariable: Note: Function class names must not contain the string: '.gui.'
2023-05-19 18:54:50,870 INFO o.a.j.g.u.JMeterMenuBar: setRunning(true, *local*)
2023-05-19 18:54:50,893 INFO o.a.j.e.StandardJMeterEngine: Starting ThreadGroup: 1 : Thread Group
2023-05-19 18:54:50,893 INFO o.a.j.e.StandardJMeterEngine: Starting 10 threads for group Thread Group.
2023-05-19 18:54:50,893 INFO o.a.j.e.StandardJMeterEngine: Test will stop on error
2023-05-19 18:54:50,893 INFO o.a.j.t.ThreadGroup: Starting thread group... number=1 threads=10 ramp-up=10 delayedStart=false
2023-05-19 18:54:50,896 INFO o.a.j.t.JMeterThread: Thread started: Thread Group 1-1
2023-05-19 18:54:50,898 INFO o.a.j.t.ThreadGroup: Started thread group number 1
2023-05-19 18:54:50,898 INFO o.a.j.e.StandardJMeterEngine: All thread groups have been started
2023-05-19 18:54:50,900 INFO o.a.j.p.h.s.HTTPHCAbstractImpl: Local host = jinseong-gas-ui-MacBookAir.local
2023-05-19 18:54:50,903 INFO o.a.j.p.h.s.HTTPHC4Impl: HTTP request retry count = 0
2023-05-19 18:54:51,896 INFO o.a.j.t.JMeterThread: Thread started: Thread Group 1-2
2023-05-19 18:54:52,899 INFO o.a.j.t.JMeterThread: Thread started: Thread Group 1-3
2023-05-19 18:54:53,895 INFO o.a.j.t.JMeterThread: Thread started: Thread Group 1-4
2023-05-19 18:54:54,898 INFO o.a.j.t.JMeterThread: Thread started: Thread Group 1-5
2023-05-19 18:54:55,893 INFO o.a.j.t.JMeterThread: Thread started: Thread Group 1-6
2023-05-19 18:54:56,898 INFO o.a.j.t.JMeterThread: Thread started: Thread Group 1-7
2023-05-19 18:54:57,894 INFO o.a.j.t.JMeterThread: Thread started: Thread Group 1-8
2023-05-19 18:54:58,894 INFO o.a.j.t.JMeterThread: Thread started: Thread Group 1-9
2023-05-19 18:54:59,894 INFO o.a.j.t.JMeterThread: Thread started: Thread Group 1-10
2023-05-19 18:56:58,954 INFO o.a.j.r.ResultCollector: Shutdown hook started
2023-05-19 18:56:58,958 INFO o.a.j.r.ResultCollector: Shutdown hook ended
